<?xml version="1.0" encoding="UTF-8"?>
<testng-results ignored="0" total="1" passed="1" failed="0" skipped="0">
  <reporter-output>
  </reporter-output>
  <suite started-at="2019-10-03T18:18:08 ICT" name="Default suite" finished-at="2019-10-03T18:18:16 ICT" duration-ms="8202">
    <groups>
    </groups>
    <test started-at="2019-10-03T18:18:08 ICT" name="Default test" finished-at="2019-10-03T18:18:16 ICT" duration-ms="8202">
      <class name="listTest.AutoListTest">
        <test-method signature="phimListTest()[pri:0, instance:listTest.AutoListTest@6156496]" started-at="2019-10-03T18:18:08 ICT" name="phimListTest" finished-at="2019-10-03T18:18:16 ICT" duration-ms="8164" status="PASS">
          <reporter-output>
          </reporter-output>
        </test-method> <!-- phimListTest -->
      </class> <!-- listTest.AutoListTest -->
    </test> <!-- Default test -->
  </suite> <!-- Default suite -->
</testng-results>
